This file contains any messages produced by compilers while
running configure, to aid debugging if configure makes a mistake.

It was created by GNU Indent configure 2.2.12, which was
generated by GNU Autoconf 2.69.  Invocation command line was

  $ ./configure 

## --------- ##
## Platform. ##
## --------- ##

hostname = milkyway
uname -m = x86_64
uname -r = 4.18.0-193.el8.x86_64
uname -s = Linux
uname -v = #1 SMP Fri May 8 10:59:10 UTC 2020

/usr/bin/uname -p = x86_64
/bin/uname -X     = unknown

/bin/arch              = x86_64
/usr/bin/arch -k       = unknown
/usr/convex/getsysinfo = unknown
/usr/bin/hostinfo      = unknown
/bin/machine           = unknown
/usr/bin/oslevel       = unknown
/bin/universe          = unknown

PATH: /usr/local/sbin
PATH: /usr/local/bin
PATH: /usr/sbin
PATH: /usr/bin
PATH: /root/bin


## ----------- ##
## Core tests. ##
## ----------- ##

configure:2593: checking for a BSD-compatible install
configure:2661: result: /usr/bin/install -c
configure:2672: checking whether build environment is sane
configure:2727: result: yes
configure:2878: checking for a thread-safe mkdir -p
configure:2917: result: /usr/bin/mkdir -p
configure:2924: checking for gawk
configure:2940: found /usr/bin/gawk
configure:2951: result: gawk
configure:2962: checking whether make sets $(MAKE)
configure:2984: result: yes
configure:3013: checking whether make supports nested variables
configure:3030: result: yes
configure:3160: checking whether to enable maintainer-specific portions of Makefiles
configure:3169: result: no
configure:3231: checking for gcc
configure:3247: found /usr/bin/gcc
configure:3258: result: gcc
configure:3487: checking for C compiler version
configure:3496: gcc --version >&5
gcc (GCC) 8.3.1 20191121 (Red Hat 8.3.1-5)
Copyright (C) 2018 Free Software Foundation, Inc.
This is free software; see the source for copying conditions.  There is NO
warranty; not even for MERCHANTABILITY or FITNESS FOR A PARTICULAR PURPOSE.

configure:3507: $? = 0
configure:3496: gcc -v >&5
Using built-in specs.
COLLECT_GCC=gcc
COLLECT_LTO_WRAPPER=/usr/libexec/gcc/x86_64-redhat-linux/8/lto-wrapper
OFFLOAD_TARGET_NAMES=nvptx-none
OFFLOAD_TARGET_DEFAULT=1
Target: x86_64-redhat-linux
Configured with: ../configure --enable-bootstrap --enable-languages=c,c++,fortran,lto --prefix=/usr --mandir=/usr/share/man --infodir=/usr/share/info --with-bugurl=http://bugzilla.redhat.com/bugzilla --enable-shared --enable-threads=posix --enable-checking=release --enable-multilib --with-system-zlib --enable-__cxa_atexit --disable-libunwind-exceptions --enable-gnu-unique-object --enable-linker-build-id --with-gcc-major-version-only --with-linker-hash-style=gnu --enable-plugin --enable-initfini-array --with-isl --disable-libmpx --enable-offload-targets=nvptx-none --without-cuda-driver --enable-gnu-indirect-function --enable-cet --with-tune=generic --with-arch_32=x86-64 --build=x86_64-redhat-linux
Thread model: posix
gcc version 8.3.1 20191121 (Red Hat 8.3.1-5) (GCC) 
configure:3507: $? = 0
configure:3496: gcc -V >&5
gcc: error: unrecognized command line option '-V'
gcc: fatal error: no input files
compilation terminated.
configure:3507: $? = 1
configure:3496: gcc -qversion >&5
gcc: error: unrecognized command line option '-qversion'; did you mean '--version'?
gcc: fatal error: no input files
compilation terminated.
configure:3507: $? = 1
configure:3527: checking whether the C compiler works
configure:3549: gcc    conftest.c  >&5
configure:3553: $? = 0
configure:3601: result: yes
configure:3604: checking for C compiler default output file name
configure:3606: result: a.out
configure:3612: checking for suffix of executables
configure:3619: gcc -o conftest    conftest.c  >&5
configure:3623: $? = 0
configure:3645: result: 
configure:3667: checking whether we are cross compiling
configure:3675: gcc -o conftest    conftest.c  >&5
configure:3679: $? = 0
configure:3686: ./conftest
configure:3690: $? = 0
configure:3705: result: no
configure:3710: checking for suffix of object files
configure:3732: gcc -c   conftest.c >&5
configure:3736: $? = 0
configure:3757: result: o
configure:3761: checking whether we are using the GNU C compiler
configure:3780: gcc -c   conftest.c >&5
configure:3780: $? = 0
configure:3789: result: yes
configure:3798: checking whether gcc accepts -g
configure:3818: gcc -c -g  conftest.c >&5
configure:3818: $? = 0
configure:3859: result: yes
configure:3876: checking for gcc option to accept ISO C89
configure:3939: gcc  -c -g -O2  conftest.c >&5
configure:3939: $? = 0
configure:3952: result: none needed
configure:3977: checking whether gcc understands -c and -o together
configure:3999: gcc -c conftest.c -o conftest2.o
configure:4002: $? = 0
configure:3999: gcc -c conftest.c -o conftest2.o
configure:4002: $? = 0
configure:4014: result: yes
configure:4034: checking whether make supports the include directive
configure:4049: make -f confmf.GNU && cat confinc.out
this is the am__doit target
configure:4052: $? = 0
configure:4071: result: yes (GNU style)
configure:4096: checking dependency style of gcc
configure:4207: result: gcc3
configure:4227: checking how to run the C preprocessor
configure:4258: gcc -E  conftest.c
configure:4258: $? = 0
configure:4272: gcc -E  conftest.c
conftest.c:11:10: fatal error: ac_nonexistent.h: No such file or directory
 #include <ac_nonexistent.h>
          ^~~~~~~~~~~~~~~~~~
compilation terminated.
configure:4272: $? = 1
configure: failed program was:
| /* confdefs.h */
| #define PACKAGE_NAME "GNU Indent"
| #define PACKAGE_TARNAME "indent"
| #define PACKAGE_VERSION "2.2.12"
| #define PACKAGE_STRING "GNU Indent 2.2.12"
| #define PACKAGE_BUGREPORT "bug-indent@gnu.org"
| #define PACKAGE_URL "http://www.gnu.org/software/indent/"
| #define PACKAGE "indent"
| #define VERSION "2.2.12"
| /* end confdefs.h.  */
| #include <ac_nonexistent.h>
configure:4297: result: gcc -E
configure:4317: gcc -E  conftest.c
configure:4317: $? = 0
configure:4331: gcc -E  conftest.c
conftest.c:11:10: fatal error: ac_nonexistent.h: No such file or directory
 #include <ac_nonexistent.h>
          ^~~~~~~~~~~~~~~~~~
compilation terminated.
configure:4331: $? = 1
configure: failed program was:
| /* confdefs.h */
| #define PACKAGE_NAME "GNU Indent"
| #define PACKAGE_TARNAME "indent"
| #define PACKAGE_VERSION "2.2.12"
| #define PACKAGE_STRING "GNU Indent 2.2.12"
| #define PACKAGE_BUGREPORT "bug-indent@gnu.org"
| #define PACKAGE_URL "http://www.gnu.org/software/indent/"
| #define PACKAGE "indent"
| #define VERSION "2.2.12"
| /* end confdefs.h.  */
| #include <ac_nonexistent.h>
configure:4400: checking for grep that handles long lines and -e
configure:4458: result: /usr/bin/grep
configure:4463: checking for egrep
configure:4525: result: /usr/bin/grep -E
configure:4530: checking for ANSI C header files
configure:4550: gcc -c -g -O2  conftest.c >&5
configure:4550: $? = 0
configure:4623: gcc -o conftest -g -O2   conftest.c  >&5
configure:4623: $? = 0
configure:4623: ./conftest
configure:4623: $? = 0
configure:4634: result: yes
configure:4647: checking for sys/types.h
configure:4647: gcc -c -g -O2  conftest.c >&5
configure:4647: $? = 0
configure:4647: result: yes
configure:4647: checking for sys/stat.h
configure:4647: gcc -c -g -O2  conftest.c >&5
configure:4647: $? = 0
configure:4647: result: yes
configure:4647: checking for stdlib.h
configure:4647: gcc -c -g -O2  conftest.c >&5
configure:4647: $? = 0
configure:4647: result: yes
configure:4647: checking for string.h
configure:4647: gcc -c -g -O2  conftest.c >&5
configure:4647: $? = 0
configure:4647: result: yes
configure:4647: checking for memory.h
configure:4647: gcc -c -g -O2  conftest.c >&5
configure:4647: $? = 0
configure:4647: result: yes
configure:4647: checking for strings.h
configure:4647: gcc -c -g -O2  conftest.c >&5
configure:4647: $? = 0
configure:4647: result: yes
configure:4647: checking for inttypes.h
configure:4647: gcc -c -g -O2  conftest.c >&5
configure:4647: $? = 0
configure:4647: result: yes
configure:4647: checking for stdint.h
configure:4647: gcc -c -g -O2  conftest.c >&5
configure:4647: $? = 0
configure:4647: result: yes
configure:4647: checking for unistd.h
configure:4647: gcc -c -g -O2  conftest.c >&5
configure:4647: $? = 0
configure:4647: result: yes
configure:4660: checking minix/config.h usability
configure:4660: gcc -c -g -O2  conftest.c >&5
conftest.c:54:10: fatal error: minix/config.h: No such file or directory
 #include <minix/config.h>
          ^~~~~~~~~~~~~~~~
compilation terminated.
configure:4660: $? = 1
configure: failed program was:
| /* confdefs.h */
| #define PACKAGE_NAME "GNU Indent"
| #define PACKAGE_TARNAME "indent"
| #define PACKAGE_VERSION "2.2.12"
| #define PACKAGE_STRING "GNU Indent 2.2.12"
| #define PACKAGE_BUGREPORT "bug-indent@gnu.org"
| #define PACKAGE_URL "http://www.gnu.org/software/indent/"
| #define PACKAGE "indent"
| #define VERSION "2.2.12"
| #define STDC_HEADERS 1
| #define HAVE_SYS_TYPES_H 1
| #define HAVE_SYS_STAT_H 1
| #define HAVE_STDLIB_H 1
| #define HAVE_STRING_H 1
| #define HAVE_MEMORY_H 1
| #define HAVE_STRINGS_H 1
| #define HAVE_INTTYPES_H 1
| #define HAVE_STDINT_H 1
| #define HAVE_UNISTD_H 1
| /* end confdefs.h.  */
| #include <stdio.h>
| #ifdef HAVE_SYS_TYPES_H
| # include <sys/types.h>
| #endif
| #ifdef HAVE_SYS_STAT_H
| # include <sys/stat.h>
| #endif
| #ifdef STDC_HEADERS
| # include <stdlib.h>
| # include <stddef.h>
| #else
| # ifdef HAVE_STDLIB_H
| #  include <stdlib.h>
| # endif
| #endif
| #ifdef HAVE_STRING_H
| # if !defined STDC_HEADERS && defined HAVE_MEMORY_H
| #  include <memory.h>
| # endif
| # include <string.h>
| #endif
| #ifdef HAVE_STRINGS_H
| # include <strings.h>
| #endif
| #ifdef HAVE_INTTYPES_H
| # include <inttypes.h>
| #endif
| #ifdef HAVE_STDINT_H
| # include <stdint.h>
| #endif
| #ifdef HAVE_UNISTD_H
| # include <unistd.h>
| #endif
| #include <minix/config.h>
configure:4660: result: no
configure:4660: checking minix/config.h presence
configure:4660: gcc -E  conftest.c
conftest.c:21:10: fatal error: minix/config.h: No such file or directory
 #include <minix/config.h>
          ^~~~~~~~~~~~~~~~
compilation terminated.
configure:4660: $? = 1
configure: failed program was:
| /* confdefs.h */
| #define PACKAGE_NAME "GNU Indent"
| #define PACKAGE_TARNAME "indent"
| #define PACKAGE_VERSION "2.2.12"
| #define PACKAGE_STRING "GNU Indent 2.2.12"
| #define PACKAGE_BUGREPORT "bug-indent@gnu.org"
| #define PACKAGE_URL "http://www.gnu.org/software/indent/"
| #define PACKAGE "indent"
| #define VERSION "2.2.12"
| #define STDC_HEADERS 1
| #define HAVE_SYS_TYPES_H 1
| #define HAVE_SYS_STAT_H 1
| #define HAVE_STDLIB_H 1
| #define HAVE_STRING_H 1
| #define HAVE_MEMORY_H 1
| #define HAVE_STRINGS_H 1
| #define HAVE_INTTYPES_H 1
| #define HAVE_STDINT_H 1
| #define HAVE_UNISTD_H 1
| /* end confdefs.h.  */
| #include <minix/config.h>
configure:4660: result: no
configure:4660: checking for minix/config.h
configure:4660: result: no
configure:4681: checking whether it is safe to define __EXTENSIONS__
configure:4699: gcc -c -g -O2  conftest.c >&5
configure:4699: $? = 0
configure:4706: result: yes
configure:4723: checking for library containing strerror
configure:4754: gcc -o conftest -g -O2   conftest.c  >&5
configure:4754: $? = 0
configure:4771: result: none required
configure:4783: checking for an ANSI C-conforming const
configure:4849: gcc -c -g -O2  conftest.c >&5
configure:4849: $? = 0
configure:4856: result: yes
configure:4868: checking for dvips
configure:4899: result: /opt/gnu-indent/config/missing dvips
configure:4908: checking for a sed that does not truncate output
configure:4972: result: /usr/bin/sed
configure:4978: checking whether NLS is requested
configure:4987: result: yes
configure:5027: checking for msgfmt
configure: trying /usr/bin/msgfmt...
0 translated messages.
configure:5059: result: /usr/bin/msgfmt
configure:5068: checking for gmsgfmt
configure:5099: result: /usr/bin/msgfmt
configure:5149: checking for xgettext
configure: trying /usr/bin/xgettext...
/usr/bin/xgettext: warning: file '/dev/null' extension '' is unknown; will try C
configure:5181: result: /usr/bin/xgettext
configure:5226: checking for msgmerge
configure: trying /usr/bin/msgmerge...
configure:5257: result: /usr/bin/msgmerge
configure:5278: checking build system type
configure:5292: result: x86_64-unknown-linux-gnu
configure:5312: checking host system type
configure:5325: result: x86_64-unknown-linux-gnu
configure:5346: checking whether we are using the GNU C Library 2 or newer
configure:5373: result: yes
configure:5422: checking for ranlib
configure:5438: found /usr/bin/ranlib
configure:5449: result: ranlib
configure:5476: checking whether the -Werror option is usable
configure:5495: gcc -c -g -O2 -Werror  conftest.c >&5
configure:5495: $? = 0
configure:5504: result: yes
configure:5506: checking for simple visibility declarations
configure:5533: gcc -c -g -O2 -fvisibility=hidden -Werror  conftest.c >&5
configure:5533: $? = 0
configure:5542: result: yes
configure:5557: checking for inline
configure:5573: gcc -c -g -O2  conftest.c >&5
configure:5573: $? = 0
configure:5581: result: inline
configure:5599: checking for size_t
configure:5599: gcc -c -g -O2  conftest.c >&5
configure:5599: $? = 0
configure:5599: gcc -c -g -O2  conftest.c >&5
conftest.c: In function 'main':
conftest.c:63:21: error: expected expression before ')' token
 if (sizeof ((size_t)))
                     ^
configure:5599: $? = 1
configure: failed program was:
| /* confdefs.h */
| #define PACKAGE_NAME "GNU Indent"
| #define PACKAGE_TARNAME "indent"
| #define PACKAGE_VERSION "2.2.12"
| #define PACKAGE_STRING "GNU Indent 2.2.12"
| #define PACKAGE_BUGREPORT "bug-indent@gnu.org"
| #define PACKAGE_URL "http://www.gnu.org/software/indent/"
| #define PACKAGE "indent"
| #define VERSION "2.2.12"
| #define STDC_HEADERS 1
| #define HAVE_SYS_TYPES_H 1
| #define HAVE_SYS_STAT_H 1
| #define HAVE_STDLIB_H 1
| #define HAVE_STRING_H 1
| #define HAVE_MEMORY_H 1
| #define HAVE_STRINGS_H 1
| #define HAVE_INTTYPES_H 1
| #define HAVE_STDINT_H 1
| #define HAVE_UNISTD_H 1
| #define __EXTENSIONS__ 1
| #define _ALL_SOURCE 1
| #define _GNU_SOURCE 1
| #define _POSIX_PTHREAD_SEMANTICS 1
| #define _TANDEM_SOURCE 1
| #define HAVE_VISIBILITY 1
| /* end confdefs.h.  */
| #include <stdio.h>
| #ifdef HAVE_SYS_TYPES_H
| # include <sys/types.h>
| #endif
| #ifdef HAVE_SYS_STAT_H
| # include <sys/stat.h>
| #endif
| #ifdef STDC_HEADERS
| # include <stdlib.h>
| # include <stddef.h>
| #else
| # ifdef HAVE_STDLIB_H
| #  include <stdlib.h>
| # endif
| #endif
| #ifdef HAVE_STRING_H
| # if !defined STDC_HEADERS && defined HAVE_MEMORY_H
| #  include <memory.h>
| # endif
| # include <string.h>
| #endif
| #ifdef HAVE_STRINGS_H
| # include <strings.h>
| #endif
| #ifdef HAVE_INTTYPES_H
| # include <inttypes.h>
| #endif
| #ifdef HAVE_STDINT_H
| # include <stdint.h>
| #endif
| #ifdef HAVE_UNISTD_H
| # include <unistd.h>
| #endif
| int
| main ()
| {
| if (sizeof ((size_t)))
| 	    return 0;
|   ;
|   return 0;
| }
configure:5599: result: yes
configure:5611: checking for stdint.h
configure:5628: gcc -c -g -O2  conftest.c >&5
configure:5628: $? = 0
configure:5635: result: yes
configure:5647: checking for working alloca.h
configure:5664: gcc -o conftest -g -O2   conftest.c  >&5
configure:5664: $? = 0
configure:5672: result: yes
configure:5680: checking for alloca
configure:5717: gcc -o conftest -g -O2   conftest.c  >&5
configure:5717: $? = 0
configure:5725: result: yes
configure:5837: checking for stdlib.h
configure:5837: result: yes
configure:5837: checking for unistd.h
configure:5837: result: yes
configure:5837: checking for sys/param.h
configure:5837: gcc -c -g -O2  conftest.c >&5
configure:5837: $? = 0
configure:5837: result: yes
configure:5857: checking for getpagesize
configure:5857: gcc -o conftest -g -O2   conftest.c  >&5
configure:5857: $? = 0
configure:5857: result: yes
configure:5866: checking for working mmap
configure:6015: gcc -o conftest -g -O2   conftest.c  >&5
configure:6015: $? = 0
configure:6015: ./conftest
configure:6015: $? = 0
configure:6025: result: yes
configure:6036: checking whether integer division by zero raises SIGFPE
configure:6102: gcc -o conftest -g -O2   conftest.c  >&5
conftest.c:49:5: warning: built-in function 'nan' declared as non-function [-Wbuiltin-declaration-mismatch]
 int nan;
     ^~~
configure:6102: $? = 0
configure:6102: ./conftest
configure:6102: $? = 0
configure:6114: result: yes
configure:6127: checking for inttypes.h
configure:6146: gcc -c -g -O2  conftest.c >&5
configure:6146: $? = 0
configure:6153: result: yes
configure:6164: checking for unsigned long long int
configure:6203: gcc -o conftest -g -O2   conftest.c  >&5
configure:6203: $? = 0
configure:6212: result: yes
configure:6242: checking for inttypes.h
configure:6242: result: yes
configure:6253: checking whether the inttypes.h PRIxNN macros are broken
configure:6275: gcc -c -g -O2  conftest.c >&5
configure:6275: $? = 0
configure:6283: result: no
configure:6390: checking for ld used by gcc
configure:6457: result: /usr/bin/ld
configure:6464: checking if the linker (/usr/bin/ld) is GNU ld
configure:6479: result: yes
configure:6486: checking for shared library run path origin
configure:6499: result: done
configure:6589: checking whether imported symbols can be declared weak
configure:6607: gcc -o conftest -g -O2   conftest.c  >&5
configure:6607: $? = 0
configure:6641: gcc -o conftest -g -O2   conftest.c  >&5
configure:6641: $? = 0
configure:6641: ./conftest
configure:6641: $? = 0
configure:6653: result: yes
configure:6658: checking pthread.h usability
configure:6658: gcc -c -g -O2  conftest.c >&5
configure:6658: $? = 0
configure:6658: result: yes
configure:6658: checking pthread.h presence
configure:6658: gcc -E  conftest.c
configure:6658: $? = 0
configure:6658: result: yes
configure:6658: checking for pthread.h
configure:6658: result: yes
configure:6686: gcc -o conftest -g -O2   conftest.c  >&5
/tmp/cciFUpR9.o: In function `main':
/opt/gnu-indent/conftest.c:45: undefined reference to `pthread_mutexattr_init'
collect2: error: ld returned 1 exit status
configure:6686: $? = 1
configure: failed program was:
| /* confdefs.h */
| #define PACKAGE_NAME "GNU Indent"
| #define PACKAGE_TARNAME "indent"
| #define PACKAGE_VERSION "2.2.12"
| #define PACKAGE_STRING "GNU Indent 2.2.12"
| #define PACKAGE_BUGREPORT "bug-indent@gnu.org"
| #define PACKAGE_URL "http://www.gnu.org/software/indent/"
| #define PACKAGE "indent"
| #define VERSION "2.2.12"
| #define STDC_HEADERS 1
| #define HAVE_SYS_TYPES_H 1
| #define HAVE_SYS_STAT_H 1
| #define HAVE_STDLIB_H 1
| #define HAVE_STRING_H 1
| #define HAVE_MEMORY_H 1
| #define HAVE_STRINGS_H 1
| #define HAVE_INTTYPES_H 1
| #define HAVE_STDINT_H 1
| #define HAVE_UNISTD_H 1
| #define __EXTENSIONS__ 1
| #define _ALL_SOURCE 1
| #define _GNU_SOURCE 1
| #define _POSIX_PTHREAD_SEMANTICS 1
| #define _TANDEM_SOURCE 1
| #define HAVE_VISIBILITY 1
| #define HAVE_STDINT_H_WITH_UINTMAX 1
| #define HAVE_ALLOCA_H 1
| #define HAVE_ALLOCA 1
| #define HAVE_STDLIB_H 1
| #define HAVE_UNISTD_H 1
| #define HAVE_SYS_PARAM_H 1
| #define HAVE_GETPAGESIZE 1
| #define HAVE_MMAP 1
| #define INTDIV0_RAISES_SIGFPE 1
| #define HAVE_INTTYPES_H_WITH_UINTMAX 1
| #define HAVE_UNSIGNED_LONG_LONG_INT 1
| #define HAVE_UINTMAX_T 1
| #define HAVE_INTTYPES_H 1
| /* end confdefs.h.  */
| #include <pthread.h>
| int
| main ()
| {
| pthread_mutex_lock((pthread_mutex_t*)0);
|                pthread_mutexattr_init((pthread_mutexattr_t*)0);
|   ;
|   return 0;
| }
configure:6749: checking for pthread_kill in -lpthread
configure:6774: gcc -o conftest -g -O2   conftest.c -lpthread   >&5
configure:6774: $? = 0
configure:6783: result: yes
configure:7473: checking for multithread API to use
configure:7475: result: posix
configure:7491: checking for pthread_rwlock_t
configure:7491: gcc -c -g -O2  conftest.c >&5
configure:7491: $? = 0
configure:7491: gcc -c -g -O2  conftest.c >&5
conftest.c: In function 'main':
conftest.c:47:31: error: expected expression before ')' token
 if (sizeof ((pthread_rwlock_t)))
                               ^
configure:7491: $? = 1
configure: failed program was:
| /* confdefs.h */
| #define PACKAGE_NAME "GNU Indent"
| #define PACKAGE_TARNAME "indent"
| #define PACKAGE_VERSION "2.2.12"
| #define PACKAGE_STRING "GNU Indent 2.2.12"
| #define PACKAGE_BUGREPORT "bug-indent@gnu.org"
| #define PACKAGE_URL "http://www.gnu.org/software/indent/"
| #define PACKAGE "indent"
| #define VERSION "2.2.12"
| #define STDC_HEADERS 1
| #define HAVE_SYS_TYPES_H 1
| #define HAVE_SYS_STAT_H 1
| #define HAVE_STDLIB_H 1
| #define HAVE_STRING_H 1
| #define HAVE_MEMORY_H 1
| #define HAVE_STRINGS_H 1
| #define HAVE_INTTYPES_H 1
| #define HAVE_STDINT_H 1
| #define HAVE_UNISTD_H 1
| #define __EXTENSIONS__ 1
| #define _ALL_SOURCE 1
| #define _GNU_SOURCE 1
| #define _POSIX_PTHREAD_SEMANTICS 1
| #define _TANDEM_SOURCE 1
| #define HAVE_VISIBILITY 1
| #define HAVE_STDINT_H_WITH_UINTMAX 1
| #define HAVE_ALLOCA_H 1
| #define HAVE_ALLOCA 1
| #define HAVE_STDLIB_H 1
| #define HAVE_UNISTD_H 1
| #define HAVE_SYS_PARAM_H 1
| #define HAVE_GETPAGESIZE 1
| #define HAVE_MMAP 1
| #define INTDIV0_RAISES_SIGFPE 1
| #define HAVE_INTTYPES_H_WITH_UINTMAX 1
| #define HAVE_UNSIGNED_LONG_LONG_INT 1
| #define HAVE_UINTMAX_T 1
| #define HAVE_INTTYPES_H 1
| #define USE_POSIX_THREADS 1
| #define USE_POSIX_THREADS_WEAK 1
| /* end confdefs.h.  */
| #include <pthread.h>
| 
| int
| main ()
| {
| if (sizeof ((pthread_rwlock_t)))
| 	    return 0;
|   ;
|   return 0;
| }
configure:7491: result: yes
configure:7522: gcc -c -g -O2  conftest.c >&5
configure:7522: $? = 0
configure:8027: checking for iconv
configure:8051: gcc -o conftest -g -O2   conftest.c  >&5
configure:8051: $? = 0
configure:8085: result: yes
configure:8088: checking for working iconv
configure:8208: gcc -o conftest -g -O2   conftest.c  >&5
configure:8208: $? = 0
configure:8208: ./conftest
configure:8208: $? = 0
configure:8220: result: yes
configure:8248: checking for iconv declaration
configure:8277: gcc -c -g -O2  conftest.c >&5
configure:8277: $? = 0
configure:8288: result:
         extern size_t iconv (iconv_t cd, char * *inbuf, size_t *inbytesleft, char * *outbuf, size_t *outbytesleft);
configure:8313: gcc -o conftest -g -O2   conftest.c  >&5
configure:8313: $? = 0
configure:8324: checking argz.h usability
configure:8324: gcc -c -g -O2  conftest.c >&5
configure:8324: $? = 0
configure:8324: result: yes
configure:8324: checking argz.h presence
configure:8324: gcc -E  conftest.c
configure:8324: $? = 0
configure:8324: result: yes
configure:8324: checking for argz.h
configure:8324: result: yes
configure:8324: checking for inttypes.h
configure:8324: result: yes
configure:8324: checking limits.h usability
configure:8324: gcc -c -g -O2  conftest.c >&5
configure:8324: $? = 0
configure:8324: result: yes
configure:8324: checking limits.h presence
configure:8324: gcc -E  conftest.c
configure:8324: $? = 0
configure:8324: result: yes
configure:8324: checking for limits.h
configure:8324: result: yes
configure:8324: checking for unistd.h
configure:8324: result: yes
configure:8324: checking for sys/param.h
configure:8324: result: yes
configure:8339: checking for getcwd
configure:8339: gcc -o conftest -g -O2   conftest.c  >&5
configure:8339: $? = 0
configure:8339: result: yes
configure:8339: checking for getegid
configure:8339: gcc -o conftest -g -O2   conftest.c  >&5
configure:8339: $? = 0
configure:8339: result: yes
configure:8339: checking for geteuid
configure:8339: gcc -o conftest -g -O2   conftest.c  >&5
configure:8339: $? = 0
configure:8339: result: yes
configure:8339: checking for getgid
configure:8339: gcc -o conftest -g -O2   conftest.c  >&5
configure:8339: $? = 0
configure:8339: result: yes
configure:8339: checking for getuid
configure:8339: gcc -o conftest -g -O2   conftest.c  >&5
configure:8339: $? = 0
configure:8339: result: yes
configure:8339: checking for mempcpy
configure:8339: gcc -o conftest -g -O2   conftest.c  >&5
conftest.c:80:6: warning: conflicting types for built-in function 'mempcpy' [-Wbuiltin-declaration-mismatch]
 char mempcpy ();
      ^~~~~~~
configure:8339: $? = 0
configure:8339: result: yes
configure:8339: checking for munmap
configure:8339: gcc -o conftest -g -O2   conftest.c  >&5
configure:8339: $? = 0
configure:8339: result: yes
configure:8339: checking for stpcpy
configure:8339: gcc -o conftest -g -O2   conftest.c  >&5
conftest.c:82:6: warning: conflicting types for built-in function 'stpcpy' [-Wbuiltin-declaration-mismatch]
 char stpcpy ();
      ^~~~~~
configure:8339: $? = 0
configure:8339: result: yes
configure:8339: checking for strcasecmp
configure:8339: gcc -o conftest -g -O2   conftest.c  >&5
conftest.c:83:6: warning: conflicting types for built-in function 'strcasecmp' [-Wbuiltin-declaration-mismatch]
 char strcasecmp ();
      ^~~~~~~~~~
configure:8339: $? = 0
configure:8339: result: yes
configure:8339: checking for strdup
configure:8339: gcc -o conftest -g -O2   conftest.c  >&5
conftest.c:84:6: warning: conflicting types for built-in function 'strdup' [-Wbuiltin-declaration-mismatch]
 char strdup ();
      ^~~~~~
configure:8339: $? = 0
configure:8339: result: yes
configure:8339: checking for strtoul
configure:8339: gcc -o conftest -g -O2   conftest.c  >&5
configure:8339: $? = 0
configure:8339: result: yes
configure:8339: checking for tsearch
configure:8339: gcc -o conftest -g -O2   conftest.c  >&5
configure:8339: $? = 0
configure:8339: result: yes
configure:8339: checking for uselocale
configure:8339: gcc -o conftest -g -O2   conftest.c  >&5
configure:8339: $? = 0
configure:8339: result: yes
configure:8339: checking for argz_count
configure:8339: gcc -o conftest -g -O2   conftest.c  >&5
configure:8339: $? = 0
configure:8339: result: yes
configure:8339: checking for argz_stringify
configure:8339: gcc -o conftest -g -O2   conftest.c  >&5
configure:8339: $? = 0
configure:8339: result: yes
configure:8339: checking for argz_next
configure:8339: gcc -o conftest -g -O2   conftest.c  >&5
configure:8339: $? = 0
configure:8339: result: yes
configure:8339: checking for __fsetlocking
configure:8339: gcc -o conftest -g -O2   conftest.c  >&5
configure:8339: $? = 0
configure:8339: result: yes
configure:8349: checking whether feof_unlocked is declared
configure:8349: gcc -c -g -O2  conftest.c >&5
configure:8349: $? = 0
configure:8349: result: yes
configure:8360: checking whether fgets_unlocked is declared
configure:8360: gcc -c -g -O2  conftest.c >&5
configure:8360: $? = 0
configure:8360: result: yes
configure:8379: checking for bison
configure:8395: found /usr/bin/bison
configure:8406: result: bison
configure:8420: checking version of bison
configure:8429: result: 3.0.4, ok
configure:8438: checking for long long int
configure:8476: gcc -o conftest -g -O2   conftest.c  >&5
configure:8476: $? = 0
configure:8476: ./conftest
configure:8476: $? = 0
configure:8488: result: yes
configure:8497: checking for wchar_t
configure:8514: gcc -c -g -O2  conftest.c >&5
configure:8514: $? = 0
configure:8521: result: yes
configure:8530: checking for wint_t
configure:8555: gcc -c -g -O2  conftest.c >&5
configure:8555: $? = 0
configure:8562: result: yes
configure:8573: checking for intmax_t
configure:8599: gcc -c -g -O2  conftest.c >&5
configure:8599: $? = 0
configure:8606: result: yes
configure:8616: checking whether printf() supports POSIX/XSI format strings
configure:8657: gcc -o conftest -g -O2   conftest.c  >&5
configure:8657: $? = 0
configure:8657: ./conftest
configure:8657: $? = 0
configure:8668: result: yes
configure:8679: checking whether we are using the GNU C Library >= 2.1 or uClibc
configure:8709: result: yes
configure:8718: checking for stdint.h
configure:8718: result: yes
configure:8728: checking for SIZE_MAX
configure:8799: result: yes
configure:8814: checking for stdint.h
configure:8814: result: yes
configure:8831: checking for symlink
configure:8831: gcc -o conftest -g -O2   conftest.c  >&5
configure:8831: $? = 0
configure:8831: result: yes
configure:8847: checking for working fcntl.h
configure:8950: gcc -o conftest -g -O2   conftest.c  >&5
configure:8950: $? = 0
configure:8950: ./conftest
configure:8950: $? = 0
configure:8965: result: yes
configure:8989: checking for CFPreferencesCopyAppValue
configure:9007: gcc -o conftest -g -O2   conftest.c  -Wl,-framework -Wl,CoreFoundation >&5
conftest.c:81:10: fatal error: CoreFoundation/CFPreferences.h: No such file or directory
 #include <CoreFoundation/CFPreferences.h>
          ^~~~~~~~~~~~~~~~~~~~~~~~~~~~~~~~
compilation terminated.
configure:9007: $? = 1
configure: failed program was:
| /* confdefs.h */
| #define PACKAGE_NAME "GNU Indent"
| #define PACKAGE_TARNAME "indent"
| #define PACKAGE_VERSION "2.2.12"
| #define PACKAGE_STRING "GNU Indent 2.2.12"
| #define PACKAGE_BUGREPORT "bug-indent@gnu.org"
| #define PACKAGE_URL "http://www.gnu.org/software/indent/"
| #define PACKAGE "indent"
| #define VERSION "2.2.12"
| #define STDC_HEADERS 1
| #define HAVE_SYS_TYPES_H 1
| #define HAVE_SYS_STAT_H 1
| #define HAVE_STDLIB_H 1
| #define HAVE_STRING_H 1
| #define HAVE_MEMORY_H 1
| #define HAVE_STRINGS_H 1
| #define HAVE_INTTYPES_H 1
| #define HAVE_STDINT_H 1
| #define HAVE_UNISTD_H 1
| #define __EXTENSIONS__ 1
| #define _ALL_SOURCE 1
| #define _GNU_SOURCE 1
| #define _POSIX_PTHREAD_SEMANTICS 1
| #define _TANDEM_SOURCE 1
| #define HAVE_VISIBILITY 1
| #define HAVE_STDINT_H_WITH_UINTMAX 1
| #define HAVE_ALLOCA_H 1
| #define HAVE_ALLOCA 1
| #define HAVE_STDLIB_H 1
| #define HAVE_UNISTD_H 1
| #define HAVE_SYS_PARAM_H 1
| #define HAVE_GETPAGESIZE 1
| #define HAVE_MMAP 1
| #define INTDIV0_RAISES_SIGFPE 1
| #define HAVE_INTTYPES_H_WITH_UINTMAX 1
| #define HAVE_UNSIGNED_LONG_LONG_INT 1
| #define HAVE_UINTMAX_T 1
| #define HAVE_INTTYPES_H 1
| #define USE_POSIX_THREADS 1
| #define USE_POSIX_THREADS_WEAK 1
| #define HAVE_PTHREAD_RWLOCK 1
| #define HAVE_PTHREAD_MUTEX_RECURSIVE 1
| #define HAVE_ICONV 1
| #define ICONV_CONST 
| #define HAVE_BUILTIN_EXPECT 1
| #define HAVE_ARGZ_H 1
| #define HAVE_INTTYPES_H 1
| #define HAVE_LIMITS_H 1
| #define HAVE_UNISTD_H 1
| #define HAVE_SYS_PARAM_H 1
| #define HAVE_GETCWD 1
| #define HAVE_GETEGID 1
| #define HAVE_GETEUID 1
| #define HAVE_GETGID 1
| #define HAVE_GETUID 1
| #define HAVE_MEMPCPY 1
| #define HAVE_MUNMAP 1
| #define HAVE_STPCPY 1
| #define HAVE_STRCASECMP 1
| #define HAVE_STRDUP 1
| #define HAVE_STRTOUL 1
| #define HAVE_TSEARCH 1
| #define HAVE_USELOCALE 1
| #define HAVE_ARGZ_COUNT 1
| #define HAVE_ARGZ_STRINGIFY 1
| #define HAVE_ARGZ_NEXT 1
| #define HAVE___FSETLOCKING 1
| #define HAVE_DECL_FEOF_UNLOCKED 1
| #define HAVE_DECL_FGETS_UNLOCKED 1
| #define HAVE_LONG_LONG_INT 1
| #define HAVE_WCHAR_T 1
| #define HAVE_WINT_T 1
| #define HAVE_INTMAX_T 1
| #define HAVE_POSIX_PRINTF 1
| #define HAVE_STDINT_H 1
| #define HAVE_STDINT_H 1
| #define HAVE_SYMLINK 1
| #define HAVE_WORKING_O_NOATIME 1
| #define HAVE_WORKING_O_NOFOLLOW 1
| /* end confdefs.h.  */
| #include <CoreFoundation/CFPreferences.h>
| int
| main ()
| {
| CFPreferencesCopyAppValue(NULL, NULL)
|   ;
|   return 0;
| }
configure:9016: result: no
configure:9023: checking for CFLocaleCopyCurrent
configure:9041: gcc -o conftest -g -O2   conftest.c  -Wl,-framework -Wl,CoreFoundation >&5
conftest.c:81:10: fatal error: CoreFoundation/CFLocale.h: No such file or directory
 #include <CoreFoundation/CFLocale.h>
          ^~~~~~~~~~~~~~~~~~~~~~~~~~~
compilation terminated.
configure:9041: $? = 1
configure: failed program was:
| /* confdefs.h */
| #define PACKAGE_NAME "GNU Indent"
| #define PACKAGE_TARNAME "indent"
| #define PACKAGE_VERSION "2.2.12"
| #define PACKAGE_STRING "GNU Indent 2.2.12"
| #define PACKAGE_BUGREPORT "bug-indent@gnu.org"
| #define PACKAGE_URL "http://www.gnu.org/software/indent/"
| #define PACKAGE "indent"
| #define VERSION "2.2.12"
| #define STDC_HEADERS 1
| #define HAVE_SYS_TYPES_H 1
| #define HAVE_SYS_STAT_H 1
| #define HAVE_STDLIB_H 1
| #define HAVE_STRING_H 1
| #define HAVE_MEMORY_H 1
| #define HAVE_STRINGS_H 1
| #define HAVE_INTTYPES_H 1
| #define HAVE_STDINT_H 1
| #define HAVE_UNISTD_H 1
| #define __EXTENSIONS__ 1
| #define _ALL_SOURCE 1
| #define _GNU_SOURCE 1
| #define _POSIX_PTHREAD_SEMANTICS 1
| #define _TANDEM_SOURCE 1
| #define HAVE_VISIBILITY 1
| #define HAVE_STDINT_H_WITH_UINTMAX 1
| #define HAVE_ALLOCA_H 1
| #define HAVE_ALLOCA 1
| #define HAVE_STDLIB_H 1
| #define HAVE_UNISTD_H 1
| #define HAVE_SYS_PARAM_H 1
| #define HAVE_GETPAGESIZE 1
| #define HAVE_MMAP 1
| #define INTDIV0_RAISES_SIGFPE 1
| #define HAVE_INTTYPES_H_WITH_UINTMAX 1
| #define HAVE_UNSIGNED_LONG_LONG_INT 1
| #define HAVE_UINTMAX_T 1
| #define HAVE_INTTYPES_H 1
| #define USE_POSIX_THREADS 1
| #define USE_POSIX_THREADS_WEAK 1
| #define HAVE_PTHREAD_RWLOCK 1
| #define HAVE_PTHREAD_MUTEX_RECURSIVE 1
| #define HAVE_ICONV 1
| #define ICONV_CONST 
| #define HAVE_BUILTIN_EXPECT 1
| #define HAVE_ARGZ_H 1
| #define HAVE_INTTYPES_H 1
| #define HAVE_LIMITS_H 1
| #define HAVE_UNISTD_H 1
| #define HAVE_SYS_PARAM_H 1
| #define HAVE_GETCWD 1
| #define HAVE_GETEGID 1
| #define HAVE_GETEUID 1
| #define HAVE_GETGID 1
| #define HAVE_GETUID 1
| #define HAVE_MEMPCPY 1
| #define HAVE_MUNMAP 1
| #define HAVE_STPCPY 1
| #define HAVE_STRCASECMP 1
| #define HAVE_STRDUP 1
| #define HAVE_STRTOUL 1
| #define HAVE_TSEARCH 1
| #define HAVE_USELOCALE 1
| #define HAVE_ARGZ_COUNT 1
| #define HAVE_ARGZ_STRINGIFY 1
| #define HAVE_ARGZ_NEXT 1
| #define HAVE___FSETLOCKING 1
| #define HAVE_DECL_FEOF_UNLOCKED 1
| #define HAVE_DECL_FGETS_UNLOCKED 1
| #define HAVE_LONG_LONG_INT 1
| #define HAVE_WCHAR_T 1
| #define HAVE_WINT_T 1
| #define HAVE_INTMAX_T 1
| #define HAVE_POSIX_PRINTF 1
| #define HAVE_STDINT_H 1
| #define HAVE_STDINT_H 1
| #define HAVE_SYMLINK 1
| #define HAVE_WORKING_O_NOATIME 1
| #define HAVE_WORKING_O_NOFOLLOW 1
| /* end confdefs.h.  */
| #include <CoreFoundation/CFLocale.h>
| int
| main ()
| {
| CFLocaleCopyCurrent();
|   ;
|   return 0;
| }
configure:9050: result: no
configure:9078: checking for ptrdiff_t
configure:9078: gcc -c -g -O2  conftest.c >&5
configure:9078: $? = 0
configure:9078: gcc -c -g -O2  conftest.c >&5
conftest.c: In function 'main':
conftest.c:117:24: error: expected expression before ')' token
 if (sizeof ((ptrdiff_t)))
                        ^
configure:9078: $? = 1
configure: failed program was:
| /* confdefs.h */
| #define PACKAGE_NAME "GNU Indent"
| #define PACKAGE_TARNAME "indent"
| #define PACKAGE_VERSION "2.2.12"
| #define PACKAGE_STRING "GNU Indent 2.2.12"
| #define PACKAGE_BUGREPORT "bug-indent@gnu.org"
| #define PACKAGE_URL "http://www.gnu.org/software/indent/"
| #define PACKAGE "indent"
| #define VERSION "2.2.12"
| #define STDC_HEADERS 1
| #define HAVE_SYS_TYPES_H 1
| #define HAVE_SYS_STAT_H 1
| #define HAVE_STDLIB_H 1
| #define HAVE_STRING_H 1
| #define HAVE_MEMORY_H 1
| #define HAVE_STRINGS_H 1
| #define HAVE_INTTYPES_H 1
| #define HAVE_STDINT_H 1
| #define HAVE_UNISTD_H 1
| #define __EXTENSIONS__ 1
| #define _ALL_SOURCE 1
| #define _GNU_SOURCE 1
| #define _POSIX_PTHREAD_SEMANTICS 1
| #define _TANDEM_SOURCE 1
| #define HAVE_VISIBILITY 1
| #define HAVE_STDINT_H_WITH_UINTMAX 1
| #define HAVE_ALLOCA_H 1
| #define HAVE_ALLOCA 1
| #define HAVE_STDLIB_H 1
| #define HAVE_UNISTD_H 1
| #define HAVE_SYS_PARAM_H 1
| #define HAVE_GETPAGESIZE 1
| #define HAVE_MMAP 1
| #define INTDIV0_RAISES_SIGFPE 1
| #define HAVE_INTTYPES_H_WITH_UINTMAX 1
| #define HAVE_UNSIGNED_LONG_LONG_INT 1
| #define HAVE_UINTMAX_T 1
| #define HAVE_INTTYPES_H 1
| #define USE_POSIX_THREADS 1
| #define USE_POSIX_THREADS_WEAK 1
| #define HAVE_PTHREAD_RWLOCK 1
| #define HAVE_PTHREAD_MUTEX_RECURSIVE 1
| #define HAVE_ICONV 1
| #define ICONV_CONST 
| #define HAVE_BUILTIN_EXPECT 1
| #define HAVE_ARGZ_H 1
| #define HAVE_INTTYPES_H 1
| #define HAVE_LIMITS_H 1
| #define HAVE_UNISTD_H 1
| #define HAVE_SYS_PARAM_H 1
| #define HAVE_GETCWD 1
| #define HAVE_GETEGID 1
| #define HAVE_GETEUID 1
| #define HAVE_GETGID 1
| #define HAVE_GETUID 1
| #define HAVE_MEMPCPY 1
| #define HAVE_MUNMAP 1
| #define HAVE_STPCPY 1
| #define HAVE_STRCASECMP 1
| #define HAVE_STRDUP 1
| #define HAVE_STRTOUL 1
| #define HAVE_TSEARCH 1
| #define HAVE_USELOCALE 1
| #define HAVE_ARGZ_COUNT 1
| #define HAVE_ARGZ_STRINGIFY 1
| #define HAVE_ARGZ_NEXT 1
| #define HAVE___FSETLOCKING 1
| #define HAVE_DECL_FEOF_UNLOCKED 1
| #define HAVE_DECL_FGETS_UNLOCKED 1
| #define HAVE_LONG_LONG_INT 1
| #define HAVE_WCHAR_T 1
| #define HAVE_WINT_T 1
| #define HAVE_INTMAX_T 1
| #define HAVE_POSIX_PRINTF 1
| #define HAVE_STDINT_H 1
| #define HAVE_STDINT_H 1
| #define HAVE_SYMLINK 1
| #define HAVE_WORKING_O_NOATIME 1
| #define HAVE_WORKING_O_NOFOLLOW 1
| /* end confdefs.h.  */
| #include <stdio.h>
| #ifdef HAVE_SYS_TYPES_H
| # include <sys/types.h>
| #endif
| #ifdef HAVE_SYS_STAT_H
| # include <sys/stat.h>
| #endif
| #ifdef STDC_HEADERS
| # include <stdlib.h>
| # include <stddef.h>
| #else
| # ifdef HAVE_STDLIB_H
| #  include <stdlib.h>
| # endif
| #endif
| #ifdef HAVE_STRING_H
| # if !defined STDC_HEADERS && defined HAVE_MEMORY_H
| #  include <memory.h>
| # endif
| # include <string.h>
| #endif
| #ifdef HAVE_STRINGS_H
| # include <strings.h>
| #endif
| #ifdef HAVE_INTTYPES_H
| # include <inttypes.h>
| #endif
| #ifdef HAVE_STDINT_H
| # include <stdint.h>
| #endif
| #ifdef HAVE_UNISTD_H
| # include <unistd.h>
| #endif
| int
| main ()
| {
| if (sizeof ((ptrdiff_t)))
| 	    return 0;
|   ;
|   return 0;
| }
configure:9078: result: yes
configure:9091: checking features.h usability
configure:9091: gcc -c -g -O2  conftest.c >&5
configure:9091: $? = 0
configure:9091: result: yes
configure:9091: checking features.h presence
configure:9091: gcc -E  conftest.c
configure:9091: $? = 0
configure:9091: result: yes
configure:9091: checking for features.h
configure:9091: result: yes
configure:9091: checking stddef.h usability
configure:9091: gcc -c -g -O2  conftest.c >&5
configure:9091: $? = 0
configure:9091: result: yes
configure:9091: checking stddef.h presence
configure:9091: gcc -E  conftest.c
configure:9091: $? = 0
configure:9091: result: yes
configure:9091: checking for stddef.h
configure:9091: result: yes
configure:9091: checking for stdlib.h
configure:9091: result: yes
configure:9091: checking for string.h
configure:9091: result: yes
configure:9105: checking for asprintf
configure:9105: gcc -o conftest -g -O2   conftest.c  >&5
configure:9105: $? = 0
configure:9105: result: yes
configure:9105: checking for fwprintf
configure:9105: gcc -o conftest -g -O2   conftest.c  >&5
configure:9105: $? = 0
configure:9105: result: yes
configure:9105: checking for newlocale
configure:9105: gcc -o conftest -g -O2   conftest.c  >&5
configure:9105: $? = 0
configure:9105: result: yes
configure:9105: checking for putenv
configure:9105: gcc -o conftest -g -O2   conftest.c  >&5
configure:9105: $? = 0
configure:9105: result: yes
configure:9105: checking for setenv
configure:9105: gcc -o conftest -g -O2   conftest.c  >&5
configure:9105: $? = 0
configure:9105: result: yes
configure:9105: checking for setlocale
configure:9105: gcc -o conftest -g -O2   conftest.c  >&5
configure:9105: $? = 0
configure:9105: result: yes
configure:9105: checking for snprintf
configure:9105: gcc -o conftest -g -O2   conftest.c  >&5
conftest.c:114:6: warning: conflicting types for built-in function 'snprintf' [-Wbuiltin-declaration-mismatch]
 char snprintf ();
      ^~~~~~~~
configure:9105: $? = 0
configure:9105: result: yes
configure:9105: checking for strnlen
configure:9105: gcc -o conftest -g -O2   conftest.c  >&5
configure:9105: $? = 0
configure:9105: result: yes
configure:9105: checking for wcslen
configure:9105: gcc -o conftest -g -O2   conftest.c  >&5
configure:9105: $? = 0
configure:9105: result: yes
configure:9105: checking for wcsnlen
configure:9105: gcc -o conftest -g -O2   conftest.c  >&5
configure:9105: $? = 0
configure:9105: result: yes
configure:9105: checking for mbrtowc
configure:9105: gcc -o conftest -g -O2   conftest.c  >&5
configure:9105: $? = 0
configure:9105: result: yes
configure:9105: checking for wcrtomb
configure:9105: gcc -o conftest -g -O2   conftest.c  >&5
configure:9105: $? = 0
configure:9105: result: yes
configure:9115: checking whether _snprintf is declared
configure:9115: gcc -c -g -O2  conftest.c >&5
conftest.c: In function 'main':
conftest.c:106:10: error: '_snprintf' undeclared (first use in this function); did you mean 'vsnprintf'?
   (void) _snprintf;
          ^~~~~~~~~
          vsnprintf
conftest.c:106:10: note: each undeclared identifier is reported only once for each function it appears in
configure:9115: $? = 1
configure: failed program was:
| /* confdefs.h */
| #define PACKAGE_NAME "GNU Indent"
| #define PACKAGE_TARNAME "indent"
| #define PACKAGE_VERSION "2.2.12"
| #define PACKAGE_STRING "GNU Indent 2.2.12"
| #define PACKAGE_BUGREPORT "bug-indent@gnu.org"
| #define PACKAGE_URL "http://www.gnu.org/software/indent/"
| #define PACKAGE "indent"
| #define VERSION "2.2.12"
| #define STDC_HEADERS 1
| #define HAVE_SYS_TYPES_H 1
| #define HAVE_SYS_STAT_H 1
| #define HAVE_STDLIB_H 1
| #define HAVE_STRING_H 1
| #define HAVE_MEMORY_H 1
| #define HAVE_STRINGS_H 1
| #define HAVE_INTTYPES_H 1
| #define HAVE_STDINT_H 1
| #define HAVE_UNISTD_H 1
| #define __EXTENSIONS__ 1
| #define _ALL_SOURCE 1
| #define _GNU_SOURCE 1
| #define _POSIX_PTHREAD_SEMANTICS 1
| #define _TANDEM_SOURCE 1
| #define HAVE_VISIBILITY 1
| #define HAVE_STDINT_H_WITH_UINTMAX 1
| #define HAVE_ALLOCA_H 1
| #define HAVE_ALLOCA 1
| #define HAVE_STDLIB_H 1
| #define HAVE_UNISTD_H 1
| #define HAVE_SYS_PARAM_H 1
| #define HAVE_GETPAGESIZE 1
| #define HAVE_MMAP 1
| #define INTDIV0_RAISES_SIGFPE 1
| #define HAVE_INTTYPES_H_WITH_UINTMAX 1
| #define HAVE_UNSIGNED_LONG_LONG_INT 1
| #define HAVE_UINTMAX_T 1
| #define HAVE_INTTYPES_H 1
| #define USE_POSIX_THREADS 1
| #define USE_POSIX_THREADS_WEAK 1
| #define HAVE_PTHREAD_RWLOCK 1
| #define HAVE_PTHREAD_MUTEX_RECURSIVE 1
| #define HAVE_ICONV 1
| #define ICONV_CONST 
| #define HAVE_BUILTIN_EXPECT 1
| #define HAVE_ARGZ_H 1
| #define HAVE_INTTYPES_H 1
| #define HAVE_LIMITS_H 1
| #define HAVE_UNISTD_H 1
| #define HAVE_SYS_PARAM_H 1
| #define HAVE_GETCWD 1
| #define HAVE_GETEGID 1
| #define HAVE_GETEUID 1
| #define HAVE_GETGID 1
| #define HAVE_GETUID 1
| #define HAVE_MEMPCPY 1
| #define HAVE_MUNMAP 1
| #define HAVE_STPCPY 1
| #define HAVE_STRCASECMP 1
| #define HAVE_STRDUP 1
| #define HAVE_STRTOUL 1
| #define HAVE_TSEARCH 1
| #define HAVE_USELOCALE 1
| #define HAVE_ARGZ_COUNT 1
| #define HAVE_ARGZ_STRINGIFY 1
| #define HAVE_ARGZ_NEXT 1
| #define HAVE___FSETLOCKING 1
| #define HAVE_DECL_FEOF_UNLOCKED 1
| #define HAVE_DECL_FGETS_UNLOCKED 1
| #define HAVE_LONG_LONG_INT 1
| #define HAVE_WCHAR_T 1
| #define HAVE_WINT_T 1
| #define HAVE_INTMAX_T 1
| #define HAVE_POSIX_PRINTF 1
| #define HAVE_STDINT_H 1
| #define HAVE_STDINT_H 1
| #define HAVE_SYMLINK 1
| #define HAVE_WORKING_O_NOATIME 1
| #define HAVE_WORKING_O_NOFOLLOW 1
| #define HAVE_FEATURES_H 1
| #define HAVE_STDDEF_H 1
| #define HAVE_STDLIB_H 1
| #define HAVE_STRING_H 1
| #define HAVE_ASPRINTF 1
| #define HAVE_FWPRINTF 1
| #define HAVE_NEWLOCALE 1
| #define HAVE_PUTENV 1
| #define HAVE_SETENV 1
| #define HAVE_SETLOCALE 1
| #define HAVE_SNPRINTF 1
| #define HAVE_STRNLEN 1
| #define HAVE_WCSLEN 1
| #define HAVE_WCSNLEN 1
| #define HAVE_MBRTOWC 1
| #define HAVE_WCRTOMB 1
| /* end confdefs.h.  */
| #include <stdio.h>
| 
| int
| main ()
| {
| #ifndef _snprintf
| #ifdef __cplusplus
|   (void) _snprintf;
| #else
|   (void) _snprintf;
| #endif
| #endif
| 
|   ;
|   return 0;
| }
configure:9115: result: no
configure:9126: checking whether _snwprintf is declared
configure:9126: gcc -c -g -O2  conftest.c >&5
conftest.c: In function 'main':
conftest.c:107:10: error: '_snwprintf' undeclared (first use in this function); did you mean 'vsnprintf'?
   (void) _snwprintf;
          ^~~~~~~~~~
          vsnprintf
conftest.c:107:10: note: each undeclared identifier is reported only once for each function it appears in
configure:9126: $? = 1
configure: failed program was:
| /* confdefs.h */
| #define PACKAGE_NAME "GNU Indent"
| #define PACKAGE_TARNAME "indent"
| #define PACKAGE_VERSION "2.2.12"
| #define PACKAGE_STRING "GNU Indent 2.2.12"
| #define PACKAGE_BUGREPORT "bug-indent@gnu.org"
| #define PACKAGE_URL "http://www.gnu.org/software/indent/"
| #define PACKAGE "indent"
| #define VERSION "2.2.12"
| #define STDC_HEADERS 1
| #define HAVE_SYS_TYPES_H 1
| #define HAVE_SYS_STAT_H 1
| #define HAVE_STDLIB_H 1
| #define HAVE_STRING_H 1
| #define HAVE_MEMORY_H 1
| #define HAVE_STRINGS_H 1
| #define HAVE_INTTYPES_H 1
| #define HAVE_STDINT_H 1
| #define HAVE_UNISTD_H 1
| #define __EXTENSIONS__ 1
| #define _ALL_SOURCE 1
| #define _GNU_SOURCE 1
| #define _POSIX_PTHREAD_SEMANTICS 1
| #define _TANDEM_SOURCE 1
| #define HAVE_VISIBILITY 1
| #define HAVE_STDINT_H_WITH_UINTMAX 1
| #define HAVE_ALLOCA_H 1
| #define HAVE_ALLOCA 1
| #define HAVE_STDLIB_H 1
| #define HAVE_UNISTD_H 1
| #define HAVE_SYS_PARAM_H 1
| #define HAVE_GETPAGESIZE 1
| #define HAVE_MMAP 1
| #define INTDIV0_RAISES_SIGFPE 1
| #define HAVE_INTTYPES_H_WITH_UINTMAX 1
| #define HAVE_UNSIGNED_LONG_LONG_INT 1
| #define HAVE_UINTMAX_T 1
| #define HAVE_INTTYPES_H 1
| #define USE_POSIX_THREADS 1
| #define USE_POSIX_THREADS_WEAK 1
| #define HAVE_PTHREAD_RWLOCK 1
| #define HAVE_PTHREAD_MUTEX_RECURSIVE 1
| #define HAVE_ICONV 1
| #define ICONV_CONST 
| #define HAVE_BUILTIN_EXPECT 1
| #define HAVE_ARGZ_H 1
| #define HAVE_INTTYPES_H 1
| #define HAVE_LIMITS_H 1
| #define HAVE_UNISTD_H 1
| #define HAVE_SYS_PARAM_H 1
| #define HAVE_GETCWD 1
| #define HAVE_GETEGID 1
| #define HAVE_GETEUID 1
| #define HAVE_GETGID 1
| #define HAVE_GETUID 1
| #define HAVE_MEMPCPY 1
| #define HAVE_MUNMAP 1
| #define HAVE_STPCPY 1
| #define HAVE_STRCASECMP 1
| #define HAVE_STRDUP 1
| #define HAVE_STRTOUL 1
| #define HAVE_TSEARCH 1
| #define HAVE_USELOCALE 1
| #define HAVE_ARGZ_COUNT 1
| #define HAVE_ARGZ_STRINGIFY 1
| #define HAVE_ARGZ_NEXT 1
| #define HAVE___FSETLOCKING 1
| #define HAVE_DECL_FEOF_UNLOCKED 1
| #define HAVE_DECL_FGETS_UNLOCKED 1
| #define HAVE_LONG_LONG_INT 1
| #define HAVE_WCHAR_T 1
| #define HAVE_WINT_T 1
| #define HAVE_INTMAX_T 1
| #define HAVE_POSIX_PRINTF 1
| #define HAVE_STDINT_H 1
| #define HAVE_STDINT_H 1
| #define HAVE_SYMLINK 1
| #define HAVE_WORKING_O_NOATIME 1
| #define HAVE_WORKING_O_NOFOLLOW 1
| #define HAVE_FEATURES_H 1
| #define HAVE_STDDEF_H 1
| #define HAVE_STDLIB_H 1
| #define HAVE_STRING_H 1
| #define HAVE_ASPRINTF 1
| #define HAVE_FWPRINTF 1
| #define HAVE_NEWLOCALE 1
| #define HAVE_PUTENV 1
| #define HAVE_SETENV 1
| #define HAVE_SETLOCALE 1
| #define HAVE_SNPRINTF 1
| #define HAVE_STRNLEN 1
| #define HAVE_WCSLEN 1
| #define HAVE_WCSNLEN 1
| #define HAVE_MBRTOWC 1
| #define HAVE_WCRTOMB 1
| #define HAVE_DECL__SNPRINTF 0
| /* end confdefs.h.  */
| #include <stdio.h>
| 
| int
| main ()
| {
| #ifndef _snwprintf
| #ifdef __cplusplus
|   (void) _snwprintf;
| #else
|   (void) _snwprintf;
| #endif
| #endif
| 
|   ;
|   return 0;
| }
configure:9126: result: no
configure:9139: checking whether getc_unlocked is declared
configure:9139: gcc -c -g -O2  conftest.c >&5
configure:9139: $? = 0
configure:9139: result: yes
configure:9183: checking for nl_langinfo and CODESET
configure:9199: gcc -o conftest -g -O2   conftest.c  >&5
configure:9199: $? = 0
configure:9208: result: yes
configure:9217: checking for LC_MESSAGES
configure:9233: gcc -o conftest -g -O2   conftest.c  >&5
configure:9233: $? = 0
configure:9241: result: yes
configure:9393: checking for CFPreferencesCopyAppValue
configure:9420: result: no
configure:9427: checking for CFLocaleCopyCurrent
configure:9454: result: no
configure:9489: checking whether included gettext is requested
configure:9499: result: no
configure:9522: checking for GNU gettext in libc
configure:9546: gcc -o conftest -g -O2   conftest.c  >&5
configure:9546: $? = 0
configure:9555: result: yes
configure:10152: checking whether to use NLS
configure:10154: result: yes
configure:10157: checking where the gettext function comes from
configure:10168: result: libc
configure:10265: checking for ANSI C header files
configure:10369: result: yes
configure:10380: checking for strchr
configure:10380: gcc -o conftest -g -O2   conftest.c  >&5
conftest.c:129:6: warning: conflicting types for built-in function 'strchr' [-Wbuiltin-declaration-mismatch]
 char strchr ();
      ^~~~~~
configure:10380: $? = 0
configure:10380: result: yes
configure:10380: checking for memcpy
configure:10380: gcc -o conftest -g -O2   conftest.c  >&5
conftest.c:130:6: warning: conflicting types for built-in function 'memcpy' [-Wbuiltin-declaration-mismatch]
 char memcpy ();
      ^~~~~~
configure:10380: $? = 0
configure:10380: result: yes
configure:10380: checking for memmove
configure:10380: gcc -o conftest -g -O2   conftest.c  >&5
conftest.c:131:6: warning: conflicting types for built-in function 'memmove' [-Wbuiltin-declaration-mismatch]
 char memmove ();
      ^~~~~~~
configure:10380: $? = 0
configure:10380: result: yes
configure:10380: checking for utime
configure:10380: gcc -o conftest -g -O2   conftest.c  >&5
configure:10380: $? = 0
configure:10380: result: yes
configure:10392: checking for unistd.h
configure:10392: result: yes
configure:10392: checking for string.h
configure:10392: result: yes
configure:10392: checking malloc.h usability
configure:10392: gcc -c -g -O2  conftest.c >&5
configure:10392: $? = 0
configure:10392: result: yes
configure:10392: checking malloc.h presence
configure:10392: gcc -E  conftest.c
configure:10392: $? = 0
configure:10392: result: yes
configure:10392: checking for malloc.h
configure:10392: result: yes
configure:10392: checking utime.h usability
configure:10392: gcc -c -g -O2  conftest.c >&5
configure:10392: $? = 0
configure:10392: result: yes
configure:10392: checking utime.h presence
configure:10392: gcc -E  conftest.c
configure:10392: $? = 0
configure:10392: result: yes
configure:10392: checking for utime.h
configure:10392: result: yes
configure:10392: checking sys/utime.h usability
configure:10392: gcc -c -g -O2  conftest.c >&5
conftest.c:147:10: fatal error: sys/utime.h: No such file or directory
 #include <sys/utime.h>
          ^~~~~~~~~~~~~
compilation terminated.
configure:10392: $? = 1
configure: failed program was:
| /* confdefs.h */
| #define PACKAGE_NAME "GNU Indent"
| #define PACKAGE_TARNAME "indent"
| #define PACKAGE_VERSION "2.2.12"
| #define PACKAGE_STRING "GNU Indent 2.2.12"
| #define PACKAGE_BUGREPORT "bug-indent@gnu.org"
| #define PACKAGE_URL "http://www.gnu.org/software/indent/"
| #define PACKAGE "indent"
| #define VERSION "2.2.12"
| #define STDC_HEADERS 1
| #define HAVE_SYS_TYPES_H 1
| #define HAVE_SYS_STAT_H 1
| #define HAVE_STDLIB_H 1
| #define HAVE_STRING_H 1
| #define HAVE_MEMORY_H 1
| #define HAVE_STRINGS_H 1
| #define HAVE_INTTYPES_H 1
| #define HAVE_STDINT_H 1
| #define HAVE_UNISTD_H 1
| #define __EXTENSIONS__ 1
| #define _ALL_SOURCE 1
| #define _GNU_SOURCE 1
| #define _POSIX_PTHREAD_SEMANTICS 1
| #define _TANDEM_SOURCE 1
| #define HAVE_VISIBILITY 1
| #define HAVE_STDINT_H_WITH_UINTMAX 1
| #define HAVE_ALLOCA_H 1
| #define HAVE_ALLOCA 1
| #define HAVE_STDLIB_H 1
| #define HAVE_UNISTD_H 1
| #define HAVE_SYS_PARAM_H 1
| #define HAVE_GETPAGESIZE 1
| #define HAVE_MMAP 1
| #define INTDIV0_RAISES_SIGFPE 1
| #define HAVE_INTTYPES_H_WITH_UINTMAX 1
| #define HAVE_UNSIGNED_LONG_LONG_INT 1
| #define HAVE_UINTMAX_T 1
| #define HAVE_INTTYPES_H 1
| #define USE_POSIX_THREADS 1
| #define USE_POSIX_THREADS_WEAK 1
| #define HAVE_PTHREAD_RWLOCK 1
| #define HAVE_PTHREAD_MUTEX_RECURSIVE 1
| #define HAVE_ICONV 1
| #define ICONV_CONST 
| #define HAVE_BUILTIN_EXPECT 1
| #define HAVE_ARGZ_H 1
| #define HAVE_INTTYPES_H 1
| #define HAVE_LIMITS_H 1
| #define HAVE_UNISTD_H 1
| #define HAVE_SYS_PARAM_H 1
| #define HAVE_GETCWD 1
| #define HAVE_GETEGID 1
| #define HAVE_GETEUID 1
| #define HAVE_GETGID 1
| #define HAVE_GETUID 1
| #define HAVE_MEMPCPY 1
| #define HAVE_MUNMAP 1
| #define HAVE_STPCPY 1
| #define HAVE_STRCASECMP 1
| #define HAVE_STRDUP 1
| #define HAVE_STRTOUL 1
| #define HAVE_TSEARCH 1
| #define HAVE_USELOCALE 1
| #define HAVE_ARGZ_COUNT 1
| #define HAVE_ARGZ_STRINGIFY 1
| #define HAVE_ARGZ_NEXT 1
| #define HAVE___FSETLOCKING 1
| #define HAVE_DECL_FEOF_UNLOCKED 1
| #define HAVE_DECL_FGETS_UNLOCKED 1
| #define HAVE_LONG_LONG_INT 1
| #define HAVE_WCHAR_T 1
| #define HAVE_WINT_T 1
| #define HAVE_INTMAX_T 1
| #define HAVE_POSIX_PRINTF 1
| #define HAVE_STDINT_H 1
| #define HAVE_STDINT_H 1
| #define HAVE_SYMLINK 1
| #define HAVE_WORKING_O_NOATIME 1
| #define HAVE_WORKING_O_NOFOLLOW 1
| #define HAVE_FEATURES_H 1
| #define HAVE_STDDEF_H 1
| #define HAVE_STDLIB_H 1
| #define HAVE_STRING_H 1
| #define HAVE_ASPRINTF 1
| #define HAVE_FWPRINTF 1
| #define HAVE_NEWLOCALE 1
| #define HAVE_PUTENV 1
| #define HAVE_SETENV 1
| #define HAVE_SETLOCALE 1
| #define HAVE_SNPRINTF 1
| #define HAVE_STRNLEN 1
| #define HAVE_WCSLEN 1
| #define HAVE_WCSNLEN 1
| #define HAVE_MBRTOWC 1
| #define HAVE_WCRTOMB 1
| #define HAVE_DECL__SNPRINTF 0
| #define HAVE_DECL__SNWPRINTF 0
| #define HAVE_DECL_GETC_UNLOCKED 1
| #define HAVE_LANGINFO_CODESET 1
| #define HAVE_LC_MESSAGES 1
| #define ENABLE_NLS 1
| #define HAVE_GETTEXT 1
| #define HAVE_DCGETTEXT 1
| #define STDC_HEADERS 1
| #define HAVE_STRCHR 1
| #define HAVE_MEMCPY 1
| #define HAVE_MEMMOVE 1
| #define HAVE_UTIME 1
| #define HAVE_UNISTD_H 1
| #define HAVE_STRING_H 1
| #define HAVE_MALLOC_H 1
| #define HAVE_UTIME_H 1
| /* end confdefs.h.  */
| #include <stdio.h>
| #ifdef HAVE_SYS_TYPES_H
| # include <sys/types.h>
| #endif
| #ifdef HAVE_SYS_STAT_H
| # include <sys/stat.h>
| #endif
| #ifdef STDC_HEADERS
| # include <stdlib.h>
| # include <stddef.h>
| #else
| # ifdef HAVE_STDLIB_H
| #  include <stdlib.h>
| # endif
| #endif
| #ifdef HAVE_STRING_H
| # if !defined STDC_HEADERS && defined HAVE_MEMORY_H
| #  include <memory.h>
| # endif
| # include <string.h>
| #endif
| #ifdef HAVE_STRINGS_H
| # include <strings.h>
| #endif
| #ifdef HAVE_INTTYPES_H
| # include <inttypes.h>
| #endif
| #ifdef HAVE_STDINT_H
| # include <stdint.h>
| #endif
| #ifdef HAVE_UNISTD_H
| # include <unistd.h>
| #endif
| #include <sys/utime.h>
configure:10392: result: no
configure:10392: checking sys/utime.h presence
configure:10392: gcc -E  conftest.c
conftest.c:114:10: fatal error: sys/utime.h: No such file or directory
 #include <sys/utime.h>
          ^~~~~~~~~~~~~
compilation terminated.
configure:10392: $? = 1
configure: failed program was:
| /* confdefs.h */
| #define PACKAGE_NAME "GNU Indent"
| #define PACKAGE_TARNAME "indent"
| #define PACKAGE_VERSION "2.2.12"
| #define PACKAGE_STRING "GNU Indent 2.2.12"
| #define PACKAGE_BUGREPORT "bug-indent@gnu.org"
| #define PACKAGE_URL "http://www.gnu.org/software/indent/"
| #define PACKAGE "indent"
| #define VERSION "2.2.12"
| #define STDC_HEADERS 1
| #define HAVE_SYS_TYPES_H 1
| #define HAVE_SYS_STAT_H 1
| #define HAVE_STDLIB_H 1
| #define HAVE_STRING_H 1
| #define HAVE_MEMORY_H 1
| #define HAVE_STRINGS_H 1
| #define HAVE_INTTYPES_H 1
| #define HAVE_STDINT_H 1
| #define HAVE_UNISTD_H 1
| #define __EXTENSIONS__ 1
| #define _ALL_SOURCE 1
| #define _GNU_SOURCE 1
| #define _POSIX_PTHREAD_SEMANTICS 1
| #define _TANDEM_SOURCE 1
| #define HAVE_VISIBILITY 1
| #define HAVE_STDINT_H_WITH_UINTMAX 1
| #define HAVE_ALLOCA_H 1
| #define HAVE_ALLOCA 1
| #define HAVE_STDLIB_H 1
| #define HAVE_UNISTD_H 1
| #define HAVE_SYS_PARAM_H 1
| #define HAVE_GETPAGESIZE 1
| #define HAVE_MMAP 1
| #define INTDIV0_RAISES_SIGFPE 1
| #define HAVE_INTTYPES_H_WITH_UINTMAX 1
| #define HAVE_UNSIGNED_LONG_LONG_INT 1
| #define HAVE_UINTMAX_T 1
| #define HAVE_INTTYPES_H 1
| #define USE_POSIX_THREADS 1
| #define USE_POSIX_THREADS_WEAK 1
| #define HAVE_PTHREAD_RWLOCK 1
| #define HAVE_PTHREAD_MUTEX_RECURSIVE 1
| #define HAVE_ICONV 1
| #define ICONV_CONST 
| #define HAVE_BUILTIN_EXPECT 1
| #define HAVE_ARGZ_H 1
| #define HAVE_INTTYPES_H 1
| #define HAVE_LIMITS_H 1
| #define HAVE_UNISTD_H 1
| #define HAVE_SYS_PARAM_H 1
| #define HAVE_GETCWD 1
| #define HAVE_GETEGID 1
| #define HAVE_GETEUID 1
| #define HAVE_GETGID 1
| #define HAVE_GETUID 1
| #define HAVE_MEMPCPY 1
| #define HAVE_MUNMAP 1
| #define HAVE_STPCPY 1
| #define HAVE_STRCASECMP 1
| #define HAVE_STRDUP 1
| #define HAVE_STRTOUL 1
| #define HAVE_TSEARCH 1
| #define HAVE_USELOCALE 1
| #define HAVE_ARGZ_COUNT 1
| #define HAVE_ARGZ_STRINGIFY 1
| #define HAVE_ARGZ_NEXT 1
| #define HAVE___FSETLOCKING 1
| #define HAVE_DECL_FEOF_UNLOCKED 1
| #define HAVE_DECL_FGETS_UNLOCKED 1
| #define HAVE_LONG_LONG_INT 1
| #define HAVE_WCHAR_T 1
| #define HAVE_WINT_T 1
| #define HAVE_INTMAX_T 1
| #define HAVE_POSIX_PRINTF 1
| #define HAVE_STDINT_H 1
| #define HAVE_STDINT_H 1
| #define HAVE_SYMLINK 1
| #define HAVE_WORKING_O_NOATIME 1
| #define HAVE_WORKING_O_NOFOLLOW 1
| #define HAVE_FEATURES_H 1
| #define HAVE_STDDEF_H 1
| #define HAVE_STDLIB_H 1
| #define HAVE_STRING_H 1
| #define HAVE_ASPRINTF 1
| #define HAVE_FWPRINTF 1
| #define HAVE_NEWLOCALE 1
| #define HAVE_PUTENV 1
| #define HAVE_SETENV 1
| #define HAVE_SETLOCALE 1
| #define HAVE_SNPRINTF 1
| #define HAVE_STRNLEN 1
| #define HAVE_WCSLEN 1
| #define HAVE_WCSNLEN 1
| #define HAVE_MBRTOWC 1
| #define HAVE_WCRTOMB 1
| #define HAVE_DECL__SNPRINTF 0
| #define HAVE_DECL__SNWPRINTF 0
| #define HAVE_DECL_GETC_UNLOCKED 1
| #define HAVE_LANGINFO_CODESET 1
| #define HAVE_LC_MESSAGES 1
| #define ENABLE_NLS 1
| #define HAVE_GETTEXT 1
| #define HAVE_DCGETTEXT 1
| #define STDC_HEADERS 1
| #define HAVE_STRCHR 1
| #define HAVE_MEMCPY 1
| #define HAVE_MEMMOVE 1
| #define HAVE_UTIME 1
| #define HAVE_UNISTD_H 1
| #define HAVE_STRING_H 1
| #define HAVE_MALLOC_H 1
| #define HAVE_UTIME_H 1
| /* end confdefs.h.  */
| #include <sys/utime.h>
configure:10392: result: no
configure:10392: checking for sys/utime.h
configure:10392: result: no
configure:10405: checking if struct utimbuf needs  -posix
configure:10422: gcc -c -g -O2  conftest.c >&5
configure:10422: $? = 0
configure:10450: result: no
configure:10461: checking for dirent.h that defines DIR
configure:10480: gcc -c -g -O2  conftest.c >&5
configure:10480: $? = 0
configure:10488: result: yes
configure:10501: checking for library containing opendir
configure:10532: gcc -o conftest -g -O2   conftest.c  >&5
configure:10532: $? = 0
configure:10549: result: none required
configure:10729: checking that generated files are newer than configure
configure:10735: result: done
configure:10762: creating ./config.status

## ---------------------- ##
## Running config.status. ##
## ---------------------- ##

This file was extended by GNU Indent config.status 2.2.12, which was
generated by GNU Autoconf 2.69.  Invocation command line was

  CONFIG_FILES    = 
  CONFIG_HEADERS  = 
  CONFIG_LINKS    = 
  CONFIG_COMMANDS = 
  $ ./config.status 

on milkyway

config.status:1028: creating intl/Makefile
config.status:1028: creating po/Makefile.in
config.status:1028: creating Makefile
config.status:1028: creating src/Makefile
config.status:1028: creating doc/Makefile
config.status:1028: creating man/Makefile
config.status:1028: creating config.h
config.status:1209: config.h is unchanged
config.status:1257: executing depfiles commands
config.status:1334: cd src       && sed -e '/# am--include-marker/d' Makefile         | make -f - am--depfiles
make: Nothing to be done for 'am--depfiles'.
config.status:1339: $? = 0
config.status:1257: executing po-directories commands
config.status:1257: executing default commands

## ---------------- ##
## Cache variables. ##
## ---------------- ##

ac_cv_build=x86_64-unknown-linux-gnu
ac_cv_c_compiler_gnu=yes
ac_cv_c_const=yes
ac_cv_c_inline=inline
ac_cv_env_CC_set=
ac_cv_env_CC_value=
ac_cv_env_CFLAGS_set=
ac_cv_env_CFLAGS_value=
ac_cv_env_CPPFLAGS_set=
ac_cv_env_CPPFLAGS_value=
ac_cv_env_CPP_set=
ac_cv_env_CPP_value=
ac_cv_env_LDFLAGS_set=
ac_cv_env_LDFLAGS_value=
ac_cv_env_LIBS_set=
ac_cv_env_LIBS_value=
ac_cv_env_build_alias_set=
ac_cv_env_build_alias_value=
ac_cv_env_host_alias_set=
ac_cv_env_host_alias_value=
ac_cv_env_target_alias_set=
ac_cv_env_target_alias_value=
ac_cv_func___fsetlocking=yes
ac_cv_func_alloca_works=yes
ac_cv_func_argz_count=yes
ac_cv_func_argz_next=yes
ac_cv_func_argz_stringify=yes
ac_cv_func_asprintf=yes
ac_cv_func_fwprintf=yes
ac_cv_func_getcwd=yes
ac_cv_func_getegid=yes
ac_cv_func_geteuid=yes
ac_cv_func_getgid=yes
ac_cv_func_getpagesize=yes
ac_cv_func_getuid=yes
ac_cv_func_mbrtowc=yes
ac_cv_func_memcpy=yes
ac_cv_func_memmove=yes
ac_cv_func_mempcpy=yes
ac_cv_func_mmap_fixed_mapped=yes
ac_cv_func_munmap=yes
ac_cv_func_newlocale=yes
ac_cv_func_putenv=yes
ac_cv_func_setenv=yes
ac_cv_func_setlocale=yes
ac_cv_func_snprintf=yes
ac_cv_func_stpcpy=yes
ac_cv_func_strcasecmp=yes
ac_cv_func_strchr=yes
ac_cv_func_strdup=yes
ac_cv_func_strnlen=yes
ac_cv_func_strtoul=yes
ac_cv_func_symlink=yes
ac_cv_func_tsearch=yes
ac_cv_func_uselocale=yes
ac_cv_func_utime=yes
ac_cv_func_wcrtomb=yes
ac_cv_func_wcslen=yes
ac_cv_func_wcsnlen=yes
ac_cv_gnu_library_2=yes
ac_cv_gnu_library_2_1=yes
ac_cv_have_decl__snprintf=no
ac_cv_have_decl__snwprintf=no
ac_cv_have_decl_feof_unlocked=yes
ac_cv_have_decl_fgets_unlocked=yes
ac_cv_have_decl_getc_unlocked=yes
ac_cv_header_argz_h=yes
ac_cv_header_dirent_dirent_h=yes
ac_cv_header_features_h=yes
ac_cv_header_inttypes_h=yes
ac_cv_header_limits_h=yes
ac_cv_header_malloc_h=yes
ac_cv_header_memory_h=yes
ac_cv_header_minix_config_h=no
ac_cv_header_pthread_h=yes
ac_cv_header_stdc=yes
ac_cv_header_stddef_h=yes
ac_cv_header_stdint_h=yes
ac_cv_header_stdlib_h=yes
ac_cv_header_string_h=yes
ac_cv_header_strings_h=yes
ac_cv_header_sys_param_h=yes
ac_cv_header_sys_stat_h=yes
ac_cv_header_sys_types_h=yes
ac_cv_header_sys_utime_h=no
ac_cv_header_unistd_h=yes
ac_cv_header_utime_h=yes
ac_cv_host=x86_64-unknown-linux-gnu
ac_cv_lib_pthread_pthread_kill=yes
ac_cv_objext=o
ac_cv_path_DVIPS='/opt/gnu-indent/config/missing dvips'
ac_cv_path_EGREP='/usr/bin/grep -E'
ac_cv_path_GMSGFMT=/usr/bin/msgfmt
ac_cv_path_GREP=/usr/bin/grep
ac_cv_path_MSGFMT=/usr/bin/msgfmt
ac_cv_path_MSGMERGE=/usr/bin/msgmerge
ac_cv_path_SED=/usr/bin/sed
ac_cv_path_XGETTEXT=/usr/bin/xgettext
ac_cv_path_install='/usr/bin/install -c'
ac_cv_path_mkdir=/usr/bin/mkdir
ac_cv_prog_AWK=gawk
ac_cv_prog_CPP='gcc -E'
ac_cv_prog_INTLBISON=bison
ac_cv_prog_ac_ct_CC=gcc
ac_cv_prog_ac_ct_RANLIB=ranlib
ac_cv_prog_cc_c89=
ac_cv_prog_cc_g=yes
ac_cv_prog_make_make_set=yes
ac_cv_safe_to_define___extensions__=yes
ac_cv_search_opendir='none required'
ac_cv_search_strerror='none required'
ac_cv_type_long_long_int=yes
ac_cv_type_pthread_rwlock_t=yes
ac_cv_type_ptrdiff_t=yes
ac_cv_type_size_t=yes
ac_cv_type_unsigned_long_long_int=yes
ac_cv_working_alloca_h=yes
acl_cv_hardcode_direct=no
acl_cv_hardcode_libdir_flag_spec='${wl}-rpath ${wl}$libdir'
acl_cv_hardcode_libdir_separator=
acl_cv_hardcode_minus_L=no
acl_cv_libext=a
acl_cv_libname_spec='lib$name'
acl_cv_library_names_spec='$libname$shrext'
acl_cv_path_LD=/usr/bin/ld
acl_cv_prog_gnu_ld=yes
acl_cv_rpath=done
acl_cv_shlibext=so
acl_cv_wl=-Wl,
am_cv_CC_dependencies_compiler_type=gcc3
am_cv_func_iconv=yes
am_cv_func_iconv_works=yes
am_cv_langinfo_codeset=yes
am_cv_lib_iconv=no
am_cv_make_support_nested_variables=yes
am_cv_prog_cc_c_o=yes
am_cv_proto_iconv='extern size_t iconv (iconv_t cd, char * *inbuf, size_t *inbytesleft, char * *outbuf, size_t *outbytesleft);'
am_cv_proto_iconv_arg1=
gl_cv_cc_vis_werror=yes
gl_cv_cc_visibility=yes
gl_cv_have_weak=yes
gl_cv_header_inttypes_h=yes
gl_cv_header_stdint_h=yes
gl_cv_header_working_fcntl_h=yes
gl_cv_size_max=yes
gt_cv_c_intmax_t=yes
gt_cv_c_wchar_t=yes
gt_cv_c_wint_t=yes
gt_cv_func_CFLocaleCopyCurrent=no
gt_cv_func_CFPreferencesCopyAppValue=no
gt_cv_func_gnugettext1_libc=yes
gt_cv_func_printf_posix=yes
gt_cv_int_divbyzero_sigfpe=yes
gt_cv_inttypes_pri_broken=no
gt_cv_val_LC_MESSAGES=yes
nls_cv_force_use_gnu_gettext=no
nls_cv_header_intl=
nls_cv_header_libgt=
nls_cv_use_gnu_gettext=no
unet_cv_sys_utimbuf_needs_posix=no

## ----------------- ##
## Output variables. ##
## ----------------- ##

ACLOCAL='${SHELL} /opt/gnu-indent/config/missing aclocal-1.16'
ALLOCA=''
AMDEPBACKSLASH='\'
AMDEP_FALSE='#'
AMDEP_TRUE=''
AMTAR='$${TAR-tar}'
AM_BACKSLASH='\'
AM_DEFAULT_V='$(AM_DEFAULT_VERBOSITY)'
AM_DEFAULT_VERBOSITY='1'
AM_V='$(V)'
AUTOCONF='${SHELL} /opt/gnu-indent/config/missing autoconf'
AUTOHEADER='${SHELL} /opt/gnu-indent/config/missing autoheader'
AUTOMAKE='${SHELL} /opt/gnu-indent/config/missing automake-1.16'
AWK='gawk'
BUILD_INCLUDED_LIBINTL='no'
CATOBJEXT='.gmo'
CC='gcc'
CCDEPMODE='depmode=gcc3'
CC_FOR_BUILD='$(CC)'
CFLAGS='-g -O2'
CFLAG_VISIBILITY='-fvisibility=hidden'
CPP='gcc -E'
CPPFLAGS=''
CYGPATH_W='echo'
DATADIRNAME='share'
DEFS='-DHAVE_CONFIG_H'
DEPDIR='.deps'
DVIPS='/opt/gnu-indent/config/missing dvips'
ECHO_C=''
ECHO_N='-n'
ECHO_T=''
EGREP='/usr/bin/grep -E'
EXEEXT=''
EXEEXT_FOR_BUILD='$(EXEEXT)'
GENCAT='gencat'
GETTEXT_MACRO_VERSION='0.18'
GLIBC21='yes'
GLIBC2='yes'
GMSGFMT='/usr/bin/msgfmt'
GMSGFMT_015='/usr/bin/msgfmt'
GREP='/usr/bin/grep'
HAVE_ASPRINTF='1'
HAVE_NEWLOCALE='1'
HAVE_POSIX_PRINTF='1'
HAVE_SNPRINTF='1'
HAVE_VISIBILITY='1'
HAVE_WPRINTF='0'
INSTALL_DATA='${INSTALL} -m 644'
INSTALL_PROGRAM='${INSTALL}'
INSTALL_SCRIPT='${INSTALL}'
INSTALL_STRIP_PROGRAM='$(install_sh) -c -s'
INSTOBJEXT='.mo'
INTLBISON='bison'
INTLLIBS=''
INTLOBJS=''
INTL_DEFAULT_VERBOSITY='1'
INTL_LIBTOOL_SUFFIX_PREFIX=''
INTL_MACOSX_LIBS=''
LDFLAGS=''
LIBICONV=''
LIBINTL=''
LIBMULTITHREAD='-lpthread'
LIBOBJS=''
LIBPTH=''
LIBPTH_PREFIX=''
LIBS=''
LIBTHREAD=''
LTLIBC='-lc'
LTLIBICONV=''
LTLIBINTL=''
LTLIBMULTITHREAD='-lpthread'
LTLIBOBJS=''
LTLIBPTH=''
LTLIBTHREAD=''
MAINT='#'
MAINTAINER_MODE_FALSE=''
MAINTAINER_MODE_TRUE='#'
MAKEINFO='${SHELL} /opt/gnu-indent/config/missing makeinfo'
MKDIR_P='/usr/bin/mkdir -p'
MSGFMT='/usr/bin/msgfmt'
MSGFMT_015='/usr/bin/msgfmt'
MSGMERGE='/usr/bin/msgmerge'
OBJEXT='o'
PACKAGE='indent'
PACKAGE_BUGREPORT='bug-indent@gnu.org'
PACKAGE_NAME='GNU Indent'
PACKAGE_STRING='GNU Indent 2.2.12'
PACKAGE_TARNAME='indent'
PACKAGE_URL='http://www.gnu.org/software/indent/'
PACKAGE_VERSION='2.2.12'
PATH_SEPARATOR=':'
POSUB='po'
PRI_MACROS_BROKEN='0'
RANLIB='ranlib'
SED='/usr/bin/sed'
SET_MAKE=''
SHELL='/bin/sh'
STRIP=''
USE_INCLUDED_LIBINTL='no'
USE_NLS='yes'
VERSION='2.2.12'
WINDRES=''
WOE32='no'
WOE32DLL='no'
XGETTEXT='/usr/bin/xgettext'
XGETTEXT_015='/usr/bin/xgettext'
XGETTEXT_EXTRA_OPTIONS=''
ac_ct_CC='gcc'
am__EXEEXT_FALSE=''
am__EXEEXT_TRUE='#'
am__fastdepCC_FALSE='#'
am__fastdepCC_TRUE=''
am__include='include'
am__isrc=''
am__leading_dot='.'
am__nodep='_no'
am__quote=''
am__tar='$${TAR-tar} chof - "$$tardir"'
am__untar='$${TAR-tar} xf -'
bindir='${exec_prefix}/bin'
build='x86_64-unknown-linux-gnu'
build_alias=''
build_cpu='x86_64'
build_os='linux-gnu'
build_vendor='unknown'
datadir='${datarootdir}'
datarootdir='${prefix}/share'
docdir='${datarootdir}/doc/${PACKAGE_TARNAME}'
dvidir='${docdir}'
exec_prefix='${prefix}'
host='x86_64-unknown-linux-gnu'
host_alias=''
host_cpu='x86_64'
host_os='linux-gnu'
host_vendor='unknown'
htmldir='${docdir}'
includedir='${prefix}/include'
infodir='${datarootdir}/info'
install_sh='${SHELL} /opt/gnu-indent/config/install-sh'
libdir='${exec_prefix}/lib'
libexecdir='${exec_prefix}/libexec'
localedir='${datarootdir}/locale'
localstatedir='${prefix}/var'
mandir='${datarootdir}/man'
mkdir_p='$(MKDIR_P)'
oldincludedir='/usr/include'
pdfdir='${docdir}'
prefix='/usr/local'
program_transform_name='s,x,x,'
psdir='${docdir}'
runstatedir='${localstatedir}/run'
sbindir='${exec_prefix}/sbin'
sharedstatedir='${prefix}/com'
sysconfdir='${prefix}/etc'
target_alias=''

## ----------- ##
## confdefs.h. ##
## ----------- ##

/* confdefs.h */
#define PACKAGE_NAME "GNU Indent"
#define PACKAGE_TARNAME "indent"
#define PACKAGE_VERSION "2.2.12"
#define PACKAGE_STRING "GNU Indent 2.2.12"
#define PACKAGE_BUGREPORT "bug-indent@gnu.org"
#define PACKAGE_URL "http://www.gnu.org/software/indent/"
#define PACKAGE "indent"
#define VERSION "2.2.12"
#define STDC_HEADERS 1
#define HAVE_SYS_TYPES_H 1
#define HAVE_SYS_STAT_H 1
#define HAVE_STDLIB_H 1
#define HAVE_STRING_H 1
#define HAVE_MEMORY_H 1
#define HAVE_STRINGS_H 1
#define HAVE_INTTYPES_H 1
#define HAVE_STDINT_H 1
#define HAVE_UNISTD_H 1
#define __EXTENSIONS__ 1
#define _ALL_SOURCE 1
#define _GNU_SOURCE 1
#define _POSIX_PTHREAD_SEMANTICS 1
#define _TANDEM_SOURCE 1
#define HAVE_VISIBILITY 1
#define HAVE_STDINT_H_WITH_UINTMAX 1
#define HAVE_ALLOCA_H 1
#define HAVE_ALLOCA 1
#define HAVE_STDLIB_H 1
#define HAVE_UNISTD_H 1
#define HAVE_SYS_PARAM_H 1
#define HAVE_GETPAGESIZE 1
#define HAVE_MMAP 1
#define INTDIV0_RAISES_SIGFPE 1
#define HAVE_INTTYPES_H_WITH_UINTMAX 1
#define HAVE_UNSIGNED_LONG_LONG_INT 1
#define HAVE_UINTMAX_T 1
#define HAVE_INTTYPES_H 1
#define USE_POSIX_THREADS 1
#define USE_POSIX_THREADS_WEAK 1
#define HAVE_PTHREAD_RWLOCK 1
#define HAVE_PTHREAD_MUTEX_RECURSIVE 1
#define HAVE_ICONV 1
#define ICONV_CONST 
#define HAVE_BUILTIN_EXPECT 1
#define HAVE_ARGZ_H 1
#define HAVE_INTTYPES_H 1
#define HAVE_LIMITS_H 1
#define HAVE_UNISTD_H 1
#define HAVE_SYS_PARAM_H 1
#define HAVE_GETCWD 1
#define HAVE_GETEGID 1
#define HAVE_GETEUID 1
#define HAVE_GETGID 1
#define HAVE_GETUID 1
#define HAVE_MEMPCPY 1
#define HAVE_MUNMAP 1
#define HAVE_STPCPY 1
#define HAVE_STRCASECMP 1
#define HAVE_STRDUP 1
#define HAVE_STRTOUL 1
#define HAVE_TSEARCH 1
#define HAVE_USELOCALE 1
#define HAVE_ARGZ_COUNT 1
#define HAVE_ARGZ_STRINGIFY 1
#define HAVE_ARGZ_NEXT 1
#define HAVE___FSETLOCKING 1
#define HAVE_DECL_FEOF_UNLOCKED 1
#define HAVE_DECL_FGETS_UNLOCKED 1
#define HAVE_LONG_LONG_INT 1
#define HAVE_WCHAR_T 1
#define HAVE_WINT_T 1
#define HAVE_INTMAX_T 1
#define HAVE_POSIX_PRINTF 1
#define HAVE_STDINT_H 1
#define HAVE_STDINT_H 1
#define HAVE_SYMLINK 1
#define HAVE_WORKING_O_NOATIME 1
#define HAVE_WORKING_O_NOFOLLOW 1
#define HAVE_FEATURES_H 1
#define HAVE_STDDEF_H 1
#define HAVE_STDLIB_H 1
#define HAVE_STRING_H 1
#define HAVE_ASPRINTF 1
#define HAVE_FWPRINTF 1
#define HAVE_NEWLOCALE 1
#define HAVE_PUTENV 1
#define HAVE_SETENV 1
#define HAVE_SETLOCALE 1
#define HAVE_SNPRINTF 1
#define HAVE_STRNLEN 1
#define HAVE_WCSLEN 1
#define HAVE_WCSNLEN 1
#define HAVE_MBRTOWC 1
#define HAVE_WCRTOMB 1
#define HAVE_DECL__SNPRINTF 0
#define HAVE_DECL__SNWPRINTF 0
#define HAVE_DECL_GETC_UNLOCKED 1
#define HAVE_LANGINFO_CODESET 1
#define HAVE_LC_MESSAGES 1
#define ENABLE_NLS 1
#define HAVE_GETTEXT 1
#define HAVE_DCGETTEXT 1
#define STDC_HEADERS 1
#define HAVE_STRCHR 1
#define HAVE_MEMCPY 1
#define HAVE_MEMMOVE 1
#define HAVE_UTIME 1
#define HAVE_UNISTD_H 1
#define HAVE_STRING_H 1
#define HAVE_MALLOC_H 1
#define HAVE_UTIME_H 1
#define HAVE_DIRENT_H 1

configure: exit 0

## ---------------------- ##
## Running config.status. ##
## ---------------------- ##

This file was extended by GNU Indent config.status 2.2.12, which was
generated by GNU Autoconf 2.69.  Invocation command line was

  CONFIG_FILES    = 
  CONFIG_HEADERS  = 
  CONFIG_LINKS    = 
  CONFIG_COMMANDS = 
  $ ./config.status Makefile

on milkyway

config.status:1028: creating Makefile
